{"C:\\Users\\artem\\Desktop\\Netology\\Продвинутый JS\\regex\\src\\js\\Validator.js": {"path":"C:\\Users\\artem\\Desktop\\Netology\\Продвинутый JS\\regex\\src\\js\\Validator.js","statementMap":{"0":{"start":{"line":3,"column":4},"end":{"line":3,"column":21}},"1":{"start":{"line":4,"column":4},"end":{"line":4,"column":32}},"2":{"start":{"line":9,"column":4},"end":{"line":11,"column":5}},"3":{"start":{"line":10,"column":6},"end":{"line":10,"column":18}},"4":{"start":{"line":12,"column":4},"end":{"line":12,"column":41}}},"fnMap":{"0":{"name":"(anonymous_0)","decl":{"start":{"line":2,"column":2},"end":{"line":2,"column":3}},"loc":{"start":{"line":2,"column":20},"end":{"line":5,"column":3}},"line":2},"1":{"name":"(anonymous_1)","decl":{"start":{"line":8,"column":2},"end":{"line":8,"column":3}},"loc":{"start":{"line":8,"column":26},"end":{"line":13,"column":3}},"line":8}},"branchMap":{"0":{"loc":{"start":{"line":9,"column":4},"end":{"line":11,"column":5}},"type":"if","locations":[{"start":{"line":9,"column":4},"end":{"line":11,"column":5}},{"start":{"line":9,"column":4},"end":{"line":11,"column":5}}],"line":9},"1":{"loc":{"start":{"line":9,"column":8},"end":{"line":9,"column":69}},"type":"binary-expr","locations":[{"start":{"line":9,"column":8},"end":{"line":9,"column":43}},{"start":{"line":9,"column":47},"end":{"line":9,"column":69}}],"line":9}},"s":{"0":4,"1":4,"2":5,"3":2,"4":3},"f":{"0":4,"1":5},"b":{"0":[2,3],"1":[5,3]},"_coverageSchema":"1a1c01bbd47fc00a2c39e90264f33305004495a9","hash":"2ea3937555593f1097f91c7898798f45fc6815d4"}
}
